<?xml version="1.0" encoding="UTF-8"?>
<!-- Generated by org.testng.reporters.JUnitReportReporter -->
<testsuite hostname="vikas" failures="0" tests="1" name="test.UiCheck" time="38.600" errors="0" timestamp="2022-01-04T18:15:23 IST" skipped="0">
  <testcase classname="test.UiCheck" name="test_info_present" time="38.600"/>
  <system-out/>
</testsuite> <!-- test.UiCheck -->
