<?xml version="1.0" encoding="UTF-8"?>
<!-- Generated by org.testng.reporters.JUnitReportReporter -->
<testsuite hostname="vikas" failures="0" tests="1" name="test.Search" time="46.494" errors="0" timestamp="2022-01-04T11:47:36 IST" skipped="0">
  <testcase classname="test.Search" name="Search_test" time="46.494"/>
  <system-out/>
</testsuite> <!-- test.Search -->
