<?xml version="1.0" encoding="UTF-8"?>
<!-- Generated by org.testng.reporters.JUnitReportReporter -->
<testsuite hostname="vikas" failures="0" tests="1" name="test.Login" time="50.625" errors="0" timestamp="2022-01-04T17:32:13 IST" skipped="0">
  <testcase classname="test.Login" name="LoginPageTest" time="50.625"/>
  <system-out/>
</testsuite> <!-- test.Login -->
