<?xml version="1.0" encoding="UTF-8"?>
<!-- Generated by org.testng.reporters.JUnitReportReporter -->
<testsuite hostname="vikas" failures="0" tests="1" name="test.AddCart" time="42.695" errors="0" timestamp="2022-01-05T15:39:52 IST" skipped="0">
  <testcase classname="test.AddCart" name="Add_test" time="42.695"/>
  <system-out/>
</testsuite> <!-- test.AddCart -->
