<?xml version="1.0" encoding="UTF-8"?>
<!-- Generated by org.testng.reporters.JUnitReportReporter -->
<testsuite hostname="vikas" failures="0" tests="1" name="test.Register" time="129.290" errors="0" timestamp="2022-01-05T15:07:20 IST" skipped="0">
  <testcase classname="test.Register" name="Reg_test" time="129.290"/>
  <system-out/>
</testsuite> <!-- test.Register -->
