<?xml version="1.0" encoding="UTF-8"?>
<!-- Generated by org.testng.reporters.JUnitReportReporter -->
<testsuite hostname="vikas" failures="0" tests="1" name="test.NewTest" time="40.820" errors="0" timestamp="2022-01-03T17:00:35 IST" skipped="0">
  <testcase classname="test.NewTest" name="LoginPageTest" time="40.820"/>
  <system-out/>
</testsuite> <!-- test.NewTest -->
