<?xml version="1.0" encoding="UTF-8"?>
<!-- Generated by org.testng.reporters.JUnitReportReporter -->
<testsuite hostname="vikas" failures="0" tests="2" name="test.Title" time="54.134" errors="0" timestamp="2022-01-04T16:58:38 IST" skipped="0">
  <testcase classname="test.Title" name="Title_test" time="25.086"/>
  <system-out/>
  <testcase classname="test.Title" name="test_info_present" time="29.048"/>
  <system-out/>
</testsuite> <!-- test.Title -->
